# JRE version: Java(TM) SE Runtime Environment (8.0_202-b08) (build 1.8.0_202-b08)
# Java VM: Java HotSpot(TM) 64-Bit Server VM (25.202-b08 mixed mode windows-amd64 compressed oops)
Heap:
 PSYoungGen      total 152576K, used 12629K [0x0000000716300000, 0x0000000720d00000, 0x00000007c0000000)
  eden space 131072K, 9% used [0x0000000716300000,0x0000000716f55790,0x000000071e300000)
  from space 21504K, 0% used [0x000000071f800000,0x000000071f800000,0x0000000720d00000)
  to   space 21504K, 0% used [0x000000071e300000,0x000000071e300000,0x000000071f800000)
 ParOldGen       total 222208K, used 8040K [0x00000005c2800000, 0x00000005d0100000, 0x0000000716300000)
  object space 222208K, 3% used [0x00000005c2800000,0x00000005c2fda3c0,0x00000005d0100000)
 Metaspace       used 23252K, capacity 23606K, committed 23984K, reserved 1071104K
  class space    used 2783K, capacity 2885K, committed 2992K, reserved 1048576K
GC Heap History (6 events):
Event: 0.904 GC heap before
{Heap before GC invocations=1 (full 0):
 PSYoungGen      total 152576K, used 131072K [0x0000000716300000, 0x0000000720d00000, 0x00000007c0000000)
  eden space 131072K, 100% used [0x0000000716300000,0x000000071e300000,0x000000071e300000)
  from space 21504K, 0% used [0x000000071f800000,0x000000071f800000,0x0000000720d00000)
  to   space 21504K, 0% used [0x000000071e300000,0x000000071e300000,0x000000071f800000)
 ParOldGen       total 348160K, used 0K [0x00000005c2800000, 0x00000005d7c00000, 0x0000000716300000)
  object space 348160K, 0% used [0x00000005c2800000,0x00000005c2800000,0x00000005d7c00000)
 Metaspace       used 11900K, capacity 12070K, committed 12288K, reserved 1060864K
  class space    used 1386K, capacity 1466K, committed 1536K, reserved 1048576K
Event: 0.912 GC heap after
Heap after GC invocations=1 (full 0):
 PSYoungGen      total 152576K, used 5629K [0x0000000716300000, 0x0000000720d00000, 0x00000007c0000000)
  eden space 131072K, 0% used [0x0000000716300000,0x0000000716300000,0x000000071e300000)
  from space 21504K, 26% used [0x000000071e300000,0x000000071e87f7f0,0x000000071f800000)
  to   space 21504K, 0% used [0x000000071f800000,0x000000071f800000,0x0000000720d00000)
 ParOldGen       total 348160K, used 8K [0x00000005c2800000, 0x00000005d7c00000, 0x0000000716300000)
  object space 348160K, 0% used [0x00000005c2800000,0x00000005c2802000,0x00000005d7c00000)
 Metaspace       used 11900K, capacity 12070K, committed 12288K, reserved 1060864K
  class space    used 1386K, capacity 1466K, committed 1536K, reserved 1048576K
}
Event: 3.953 GC heap before
{Heap before GC invocations=2 (full 0):
 PSYoungGen      total 152576K, used 45740K [0x0000000716300000, 0x0000000720d00000, 0x00000007c0000000)
  eden space 131072K, 30% used [0x0000000716300000,0x0000000718a2b8a8,0x000000071e300000)
  from space 21504K, 26% used [0x000000071e300000,0x000000071e87f7f0,0x000000071f800000)
  to   space 21504K, 0% used [0x000000071f800000,0x000000071f800000,0x0000000720d00000)
 ParOldGen       total 348160K, used 8K [0x00000005c2800000, 0x00000005d7c00000, 0x0000000716300000)
  object space 348160K, 0% used [0x00000005c2800000,0x00000005c2802000,0x00000005d7c00000)
 Metaspace       used 20828K, capacity 21100K, committed 21296K, reserved 1069056K
  class space    used 2451K, capacity 2564K, committed 2608K, reserved 1048576K
Event: 3.964 GC heap after
Heap after GC invocations=2 (full 0):
 PSYoungGen      total 152576K, used 8688K [0x0000000716300000, 0x0000000720d00000, 0x00000007c0000000)
  eden space 131072K, 0% used [0x0000000716300000,0x0000000716300000,0x000000071e300000)
  from space 21504K, 40% used [0x000000071f800000,0x000000072007c170,0x0000000720d00000)
  to   space 21504K, 0% used [0x000000071e300000,0x000000071e300000,0x000000071f800000)
 ParOldGen       total 348160K, used 51K [0x00000005c2800000, 0x00000005d7c00000, 0x0000000716300000)
  object space 348160K, 0% used [0x00000005c2800000,0x00000005c280cc50,0x00000005d7c00000)
 Metaspace       used 20828K, capacity 21100K, committed 21296K, reserved 1069056K
  class space    used 2451K, capacity 2564K, committed 2608K, reserved 1048576K
}
Event: 3.964 GC heap before
{Heap before GC invocations=3 (full 1):
 PSYoungGen      total 152576K, used 8688K [0x0000000716300000, 0x0000000720d00000, 0x00000007c0000000)
  eden space 131072K, 0% used [0x0000000716300000,0x0000000716300000,0x000000071e300000)
  from space 21504K, 40% used [0x000000071f800000,0x000000072007c170,0x0000000720d00000)
  to   space 21504K, 0% used [0x000000071e300000,0x000000071e300000,0x000000071f800000)
 ParOldGen       total 348160K, used 51K [0x00000005c2800000, 0x00000005d7c00000, 0x0000000716300000)
  object space 348160K, 0% used [0x00000005c2800000,0x00000005c280cc50,0x00000005d7c00000)
 Metaspace       used 20828K, capacity 21100K, committed 21296K, reserved 1069056K
  class space    used 2451K, capacity 2564K, committed 2608K, reserved 1048576K
Event: 4.005 GC heap after
Heap after GC invocations=3 (full 1):
 PSYoungGen      total 152576K, used 0K [0x0000000716300000, 0x0000000720d00000, 0x00000007c0000000)
  eden space 131072K, 0% used [0x0000000716300000,0x0000000716300000,0x000000071e300000)
  from space 21504K, 0% used [0x000000071f800000,0x000000071f800000,0x0000000720d00000)
  to   space 21504K, 0% used [0x000000071e300000,0x000000071e300000,0x000000071f800000)
 ParOldGen       total 222208K, used 8040K [0x00000005c2800000, 0x00000005d0100000, 0x0000000716300000)
  object space 222208K, 3% used [0x00000005c2800000,0x00000005c2fda3c0,0x00000005d0100000)
 Metaspace       used 20828K, capacity 21100K, committed 21296K, reserved 1069056K
  class space    used 2451K, capacity 2564K, committed 2608K, reserved 1048576K
}

