# JRE version: Java(TM) SE Runtime Environment (8.0_202-b08) (build 1.8.0_202-b08)
# Java VM: Java HotSpot(TM) 64-Bit Server VM (25.202-b08 mixed mode windows-amd64 compressed oops)
Heap:
 PSYoungGen      total 152576K, used 15038K [0x0000000716300000, 0x0000000720d00000, 0x00000007c0000000)
  eden space 131072K, 11% used [0x0000000716300000,0x00000007171afb50,0x000000071e300000)
  from space 21504K, 0% used [0x000000071f800000,0x000000071f800000,0x0000000720d00000)
  to   space 21504K, 0% used [0x000000071e300000,0x000000071e300000,0x000000071f800000)
 ParOldGen       total 222720K, used 8436K [0x00000005c2800000, 0x00000005d0180000, 0x0000000716300000)
  object space 222720K, 3% used [0x00000005c2800000,0x00000005c303d330,0x00000005d0180000)
 Metaspace       used 23289K, capacity 23606K, committed 23936K, reserved 1071104K
  class space    used 2785K, capacity 2885K, committed 2944K, reserved 1048576K
GC Heap History (6 events):
Event: 0.756 GC heap before
{Heap before GC invocations=1 (full 0):
 PSYoungGen      total 152576K, used 131072K [0x0000000716300000, 0x0000000720d00000, 0x00000007c0000000)
  eden space 131072K, 100% used [0x0000000716300000,0x000000071e300000,0x000000071e300000)
  from space 21504K, 0% used [0x000000071f800000,0x000000071f800000,0x0000000720d00000)
  to   space 21504K, 0% used [0x000000071e300000,0x000000071e300000,0x000000071f800000)
 ParOldGen       total 348160K, used 0K [0x00000005c2800000, 0x00000005d7c00000, 0x0000000716300000)
  object space 348160K, 0% used [0x00000005c2800000,0x00000005c2800000,0x00000005d7c00000)
 Metaspace       used 11568K, capacity 11686K, committed 11904K, reserved 1060864K
  class space    used 1340K, capacity 1402K, committed 1408K, reserved 1048576K
Event: 0.763 GC heap after
Heap after GC invocations=1 (full 0):
 PSYoungGen      total 152576K, used 5235K [0x0000000716300000, 0x0000000720d00000, 0x00000007c0000000)
  eden space 131072K, 0% used [0x0000000716300000,0x0000000716300000,0x000000071e300000)
  from space 21504K, 24% used [0x000000071e300000,0x000000071e81cd20,0x000000071f800000)
  to   space 21504K, 0% used [0x000000071f800000,0x000000071f800000,0x0000000720d00000)
 ParOldGen       total 348160K, used 8K [0x00000005c2800000, 0x00000005d7c00000, 0x0000000716300000)
  object space 348160K, 0% used [0x00000005c2800000,0x00000005c2802000,0x00000005d7c00000)
 Metaspace       used 11568K, capacity 11686K, committed 11904K, reserved 1060864K
  class space    used 1340K, capacity 1402K, committed 1408K, reserved 1048576K
}
Event: 3.034 GC heap before
{Heap before GC invocations=2 (full 0):
 PSYoungGen      total 152576K, used 47655K [0x0000000716300000, 0x0000000720d00000, 0x00000007c0000000)
  eden space 131072K, 32% used [0x0000000716300000,0x0000000718c6d2b0,0x000000071e300000)
  from space 21504K, 24% used [0x000000071e300000,0x000000071e81cd20,0x000000071f800000)
  to   space 21504K, 0% used [0x000000071f800000,0x000000071f800000,0x0000000720d00000)
 ParOldGen       total 348160K, used 8K [0x00000005c2800000, 0x00000005d7c00000, 0x0000000716300000)
  object space 348160K, 0% used [0x00000005c2800000,0x00000005c2802000,0x00000005d7c00000)
 Metaspace       used 20813K, capacity 21068K, committed 21248K, reserved 1069056K
  class space    used 2440K, capacity 2532K, committed 2560K, reserved 1048576K
Event: 3.042 GC heap after
Heap after GC invocations=2 (full 0):
 PSYoungGen      total 152576K, used 9100K [0x0000000716300000, 0x0000000720d00000, 0x00000007c0000000)
  eden space 131072K, 0% used [0x0000000716300000,0x0000000716300000,0x000000071e300000)
  from space 21504K, 42% used [0x000000071f800000,0x00000007200e31b8,0x0000000720d00000)
  to   space 21504K, 0% used [0x000000071e300000,0x000000071e300000,0x000000071f800000)
 ParOldGen       total 348160K, used 51K [0x00000005c2800000, 0x00000005d7c00000, 0x0000000716300000)
  object space 348160K, 0% used [0x00000005c2800000,0x00000005c280cc50,0x00000005d7c00000)
 Metaspace       used 20813K, capacity 21068K, committed 21248K, reserved 1069056K
  class space    used 2440K, capacity 2532K, committed 2560K, reserved 1048576K
}
Event: 3.042 GC heap before
{Heap before GC invocations=3 (full 1):
 PSYoungGen      total 152576K, used 9100K [0x0000000716300000, 0x0000000720d00000, 0x00000007c0000000)
  eden space 131072K, 0% used [0x0000000716300000,0x0000000716300000,0x000000071e300000)
  from space 21504K, 42% used [0x000000071f800000,0x00000007200e31b8,0x0000000720d00000)
  to   space 21504K, 0% used [0x000000071e300000,0x000000071e300000,0x000000071f800000)
 ParOldGen       total 348160K, used 51K [0x00000005c2800000, 0x00000005d7c00000, 0x0000000716300000)
  object space 348160K, 0% used [0x00000005c2800000,0x00000005c280cc50,0x00000005d7c00000)
 Metaspace       used 20813K, capacity 21068K, committed 21248K, reserved 1069056K
  class space    used 2440K, capacity 2532K, committed 2560K, reserved 1048576K
Event: 3.076 GC heap after
Heap after GC invocations=3 (full 1):
 PSYoungGen      total 152576K, used 0K [0x0000000716300000, 0x0000000720d00000, 0x00000007c0000000)
  eden space 131072K, 0% used [0x0000000716300000,0x0000000716300000,0x000000071e300000)
  from space 21504K, 0% used [0x000000071f800000,0x000000071f800000,0x0000000720d00000)
  to   space 21504K, 0% used [0x000000071e300000,0x000000071e300000,0x000000071f800000)
 ParOldGen       total 222720K, used 8436K [0x00000005c2800000, 0x00000005d0180000, 0x0000000716300000)
  object space 222720K, 3% used [0x00000005c2800000,0x00000005c303d330,0x00000005d0180000)
 Metaspace       used 20813K, capacity 21068K, committed 21248K, reserved 1069056K
  class space    used 2440K, capacity 2532K, committed 2560K, reserved 1048576K
}

