# JRE version: Java(TM) SE Runtime Environment (8.0_202-b08) (build 1.8.0_202-b08)
# Java VM: Java HotSpot(TM) 64-Bit Server VM (25.202-b08 mixed mode windows-amd64 compressed oops)
Heap:
 PSYoungGen      total 152576K, used 62809K [0x0000000716300000, 0x0000000720d00000, 0x00000007c0000000)
  eden space 131072K, 47% used [0x0000000716300000,0x000000071a0566d8,0x000000071e300000)
  from space 21504K, 0% used [0x000000071f800000,0x000000071f800000,0x0000000720d00000)
  to   space 21504K, 0% used [0x000000071e300000,0x000000071e300000,0x000000071f800000)
 ParOldGen       total 212992K, used 9302K [0x00000005c2800000, 0x00000005cf800000, 0x0000000716300000)
  object space 212992K, 4% used [0x00000005c2800000,0x00000005c3115960,0x00000005cf800000)
 Metaspace       used 23386K, capacity 23680K, committed 23984K, reserved 1071104K
  class space    used 2776K, capacity 2888K, committed 2992K, reserved 1048576K
GC Heap History (6 events):
Event: 0.748 GC heap before
{Heap before GC invocations=1 (full 0):
 PSYoungGen      total 152576K, used 131072K [0x0000000716300000, 0x0000000720d00000, 0x00000007c0000000)
  eden space 131072K, 100% used [0x0000000716300000,0x000000071e300000,0x000000071e300000)
  from space 21504K, 0% used [0x000000071f800000,0x000000071f800000,0x0000000720d00000)
  to   space 21504K, 0% used [0x000000071e300000,0x000000071e300000,0x000000071f800000)
 ParOldGen       total 348160K, used 0K [0x00000005c2800000, 0x00000005d7c00000, 0x0000000716300000)
  object space 348160K, 0% used [0x00000005c2800000,0x00000005c2800000,0x00000005d7c00000)
 Metaspace       used 10655K, capacity 10822K, committed 11136K, reserved 1058816K
  class space    used 1234K, capacity 1306K, committed 1408K, reserved 1048576K
Event: 0.755 GC heap after
Heap after GC invocations=1 (full 0):
 PSYoungGen      total 152576K, used 4174K [0x0000000716300000, 0x0000000720d00000, 0x00000007c0000000)
  eden space 131072K, 0% used [0x0000000716300000,0x0000000716300000,0x000000071e300000)
  from space 21504K, 19% used [0x000000071e300000,0x000000071e713930,0x000000071f800000)
  to   space 21504K, 0% used [0x000000071f800000,0x000000071f800000,0x0000000720d00000)
 ParOldGen       total 348160K, used 8K [0x00000005c2800000, 0x00000005d7c00000, 0x0000000716300000)
  object space 348160K, 0% used [0x00000005c2800000,0x00000005c2802000,0x00000005d7c00000)
 Metaspace       used 10655K, capacity 10822K, committed 11136K, reserved 1058816K
  class space    used 1234K, capacity 1306K, committed 1408K, reserved 1048576K
}
Event: 4.117 GC heap before
{Heap before GC invocations=2 (full 0):
 PSYoungGen      total 152576K, used 53353K [0x0000000716300000, 0x0000000720d00000, 0x00000007c0000000)
  eden space 131072K, 37% used [0x0000000716300000,0x0000000719306bf0,0x000000071e300000)
  from space 21504K, 19% used [0x000000071e300000,0x000000071e713930,0x000000071f800000)
  to   space 21504K, 0% used [0x000000071f800000,0x000000071f800000,0x0000000720d00000)
 ParOldGen       total 348160K, used 8K [0x00000005c2800000, 0x00000005d7c00000, 0x0000000716300000)
  object space 348160K, 0% used [0x00000005c2800000,0x00000005c2802000,0x00000005d7c00000)
 Metaspace       used 20831K, capacity 21100K, committed 21296K, reserved 1069056K
  class space    used 2458K, capacity 2564K, committed 2608K, reserved 1048576K
Event: 4.129 GC heap after
Heap after GC invocations=2 (full 0):
 PSYoungGen      total 152576K, used 9852K [0x0000000716300000, 0x0000000720d00000, 0x00000007c0000000)
  eden space 131072K, 0% used [0x0000000716300000,0x0000000716300000,0x000000071e300000)
  from space 21504K, 45% used [0x000000071f800000,0x000000072019f070,0x0000000720d00000)
  to   space 21504K, 0% used [0x000000071e300000,0x000000071e300000,0x000000071f800000)
 ParOldGen       total 348160K, used 51K [0x00000005c2800000, 0x00000005d7c00000, 0x0000000716300000)
  object space 348160K, 0% used [0x00000005c2800000,0x00000005c280cc50,0x00000005d7c00000)
 Metaspace       used 20831K, capacity 21100K, committed 21296K, reserved 1069056K
  class space    used 2458K, capacity 2564K, committed 2608K, reserved 1048576K
}
Event: 4.129 GC heap before
{Heap before GC invocations=3 (full 1):
 PSYoungGen      total 152576K, used 9852K [0x0000000716300000, 0x0000000720d00000, 0x00000007c0000000)
  eden space 131072K, 0% used [0x0000000716300000,0x0000000716300000,0x000000071e300000)
  from space 21504K, 45% used [0x000000071f800000,0x000000072019f070,0x0000000720d00000)
  to   space 21504K, 0% used [0x000000071e300000,0x000000071e300000,0x000000071f800000)
 ParOldGen       total 348160K, used 51K [0x00000005c2800000, 0x00000005d7c00000, 0x0000000716300000)
  object space 348160K, 0% used [0x00000005c2800000,0x00000005c280cc50,0x00000005d7c00000)
 Metaspace       used 20831K, capacity 21100K, committed 21296K, reserved 1069056K
  class space    used 2458K, capacity 2564K, committed 2608K, reserved 1048576K
Event: 4.159 GC heap after
Heap after GC invocations=3 (full 1):
 PSYoungGen      total 152576K, used 0K [0x0000000716300000, 0x0000000720d00000, 0x00000007c0000000)
  eden space 131072K, 0% used [0x0000000716300000,0x0000000716300000,0x000000071e300000)
  from space 21504K, 0% used [0x000000071f800000,0x000000071f800000,0x0000000720d00000)
  to   space 21504K, 0% used [0x000000071e300000,0x000000071e300000,0x000000071f800000)
 ParOldGen       total 212992K, used 9302K [0x00000005c2800000, 0x00000005cf800000, 0x0000000716300000)
  object space 212992K, 4% used [0x00000005c2800000,0x00000005c3115960,0x00000005cf800000)
 Metaspace       used 20831K, capacity 21100K, committed 21296K, reserved 1069056K
  class space    used 2458K, capacity 2564K, committed 2608K, reserved 1048576K
}

